<?xml version="1.0" encoding="UTF-8"?>
<!-- Generated by org.testng.reporters.JUnitReportReporter -->
<testsuite skipped="0" hostname="DELL-235CI4GQPV" name="com.class12.BrokenLinksDemo" tests="1" failures="0" timestamp="03 Jun 2019 19:58:20 GMT" time="17.280" errors="0">
  <testcase name="brokenLinksVerification" time="17.280" classname="com.class12.BrokenLinksDemo"/>
</testsuite> <!-- com.class12.BrokenLinksDemo -->
