<?xml version="1.0" encoding="UTF-8"?>
<!-- Generated by org.testng.reporters.JUnitReportReporter -->
<testsuite skipped="0" hostname="DELL-235CI4GQPV" name="ExpSelenium.Broken" tests="1" failures="0" timestamp="03 Jun 2019 20:07:13 GMT" time="15.081" errors="0">
  <testcase name="BrokenLinks" time="15.081" classname="ExpSelenium.Broken"/>
</testsuite> <!-- ExpSelenium.Broken -->
