<?xml version="1.0" encoding="UTF-8"?>
<!-- Generated by org.testng.reporters.JUnitReportReporter -->
<testsuite skipped="0" hostname="DELL-235CI4GQPV" name="com.class12.ReadingPropertyFile" tests="1" failures="0" timestamp="02 Jun 2019 18:17:41 GMT" time="17.222" errors="0">
  <testcase name="readFile" time="17.222" classname="com.class12.ReadingPropertyFile"/>
</testsuite> <!-- com.class12.ReadingPropertyFile -->
