<?xml version="1.0" encoding="UTF-8"?>
<!-- Generated by org.testng.reporters.JUnitReportReporter -->
<testsuite skipped="0" hostname="DELL-235CI4GQPV" name="com.class12.FligthSearch" tests="1" failures="0" timestamp="07 Jun 2019 03:10:21 GMT" time="31.951" errors="0">
  <testcase name="searchFlight" time="31.951" classname="com.class12.FligthSearch"/>
</testsuite> <!-- com.class12.FligthSearch -->
